<?xml version='1.0'?>
<ns2:test-suite xmlns:ns2='urn:model.allure.qatools.yandex.ru' start='1594018435758' stop='1594018467076'>
    <name>blaze page elements handle on the page</name>
    <title>blaze page elements handle on the page</title>
    <test-cases>
        <test-case start='1594018435758' status='passed' stop='1594018446838'>
            <name>get texts of all main links</name>
            <title>get texts of all main links</title>
            <labels>
                <label name='language' value='javascript'/>
                <label name='framework' value='wdio'/>
                <label name='thread' value='0-0'/>
            </labels>
            <parameters>
                <parameter kind='argument' name='browser' value='chrome'/>
            </parameters>
            <steps/>
            <attachments/>
        </test-case>
        <test-case start='1594018446838' status='broken' stop='1594018456896'>
            <name>main heading displayed? </name>
            <title>main heading displayed? </title>
            <labels>
                <label name='language' value='javascript'/>
                <label name='framework' value='wdio'/>
                <label name='thread' value='0-0'/>
            </labels>
            <parameters>
                <parameter kind='argument' name='browser' value='chrome'/>
            </parameters>
            <steps/>
            <attachments/>
            <failure>
                <message>Can't call getText on element with selector "h2.home_title" because element wasn't found</message>
                <stack-trace>Error: Can't call getText on element with selector "h2.home_title" because element wasn't found
                    at implicitWait (D:\WebdriverIOWorkspace\WebdriverIO_POM\node_modules\webdriverio\build\utils\implicitWait.js:22:13)
                    at async Element.elementErrorHandlerCallbackFn (D:\WebdriverIOWorkspace\WebdriverIO_POM\node_modules\webdriverio\build\middlewares.js:17:23)
                    at async Element.runCommandWithHooks (D:\WebdriverIOWorkspace\WebdriverIO_POM\node_modules\@wdio\sync\build\wrapCommand.js:88:21)
                    at Element.runCommandWithHooks (D:\WebdriverIOWorkspace\WebdriverIO_POM\node_modules\@wdio\sync\build\wrapCommand.js:82:22)
                    at Element.wrapCommandFn (D:\WebdriverIOWorkspace\WebdriverIO_POM\node_modules\@wdio\sync\build\wrapCommand.js:59:40)
                    at Element.elementErrorHandlerCallback (D:\WebdriverIOWorkspace\WebdriverIO_POM\node_modules\webdriverio\build\middlewares.js:40:8)
                    at Context.&lt;anonymous> (D:\WebdriverIOWorkspace\WebdriverIO_POM\test\BlazeTest.js:22:73)
                    at Context.executeSync (D:\WebdriverIOWorkspace\WebdriverIO_POM\node_modules\@wdio\sync\build\index.js:56:18)
                    at D:\WebdriverIOWorkspace\WebdriverIO_POM\node_modules\@wdio\sync\build\index.js:82:70</stack-trace>
            </failure>
        </test-case>
        <test-case start='1594018456897' status='broken' stop='1594018466951'>
            <name>main heading enabled? </name>
            <title>main heading enabled? </title>
            <labels>
                <label name='language' value='javascript'/>
                <label name='framework' value='wdio'/>
                <label name='thread' value='0-0'/>
            </labels>
            <parameters>
                <parameter kind='argument' name='browser' value='chrome'/>
            </parameters>
            <steps/>
            <attachments/>
            <failure>
                <message>Can't call isEnabled on element with selector "h2.home_title" because element wasn't found</message>
                <stack-trace>Error: Can't call isEnabled on element with selector "h2.home_title" because element wasn't found
                    at implicitWait (D:\WebdriverIOWorkspace\WebdriverIO_POM\node_modules\webdriverio\build\utils\implicitWait.js:22:13)
                    at async Element.elementErrorHandlerCallbackFn (D:\WebdriverIOWorkspace\WebdriverIO_POM\node_modules\webdriverio\build\middlewares.js:17:23)
                    at async Element.runCommandWithHooks (D:\WebdriverIOWorkspace\WebdriverIO_POM\node_modules\@wdio\sync\build\wrapCommand.js:88:21)
                    at Element.runCommandWithHooks (D:\WebdriverIOWorkspace\WebdriverIO_POM\node_modules\@wdio\sync\build\wrapCommand.js:82:22)
                    at Element.wrapCommandFn (D:\WebdriverIOWorkspace\WebdriverIO_POM\node_modules\@wdio\sync\build\wrapCommand.js:59:40)
                    at Element.elementErrorHandlerCallback (D:\WebdriverIOWorkspace\WebdriverIO_POM\node_modules\webdriverio\build\middlewares.js:40:8)
                    at Context.&lt;anonymous> (D:\WebdriverIOWorkspace\WebdriverIO_POM\test\BlazeTest.js:26:43)
                    at Context.executeSync (D:\WebdriverIOWorkspace\WebdriverIO_POM\node_modules\@wdio\sync\build\index.js:56:18)
                    at D:\WebdriverIOWorkspace\WebdriverIO_POM\node_modules\@wdio\sync\build\index.js:82:70</stack-trace>
            </failure>
        </test-case>
        <test-case start='1594018466952' status='passed' stop='1594018467001'>
            <name>main heading exists? </name>
            <title>main heading exists? </title>
            <labels>
                <label name='language' value='javascript'/>
                <label name='framework' value='wdio'/>
                <label name='thread' value='0-0'/>
            </labels>
            <parameters>
                <parameter kind='argument' name='browser' value='chrome'/>
            </parameters>
            <steps/>
            <attachments/>
        </test-case>
        <test-case start='1594018467001' status='passed' stop='1594018467036'>
            <name>main heading displyed in view port? </name>
            <title>main heading displyed in view port? </title>
            <labels>
                <label name='language' value='javascript'/>
                <label name='framework' value='wdio'/>
                <label name='thread' value='0-0'/>
            </labels>
            <parameters>
                <parameter kind='argument' name='browser' value='chrome'/>
            </parameters>
            <steps/>
            <attachments/>
        </test-case>
        <test-case start='1594018467036' status='passed' stop='1594018467075'>
            <name>jmeter is displeyd in view port </name>
            <title>jmeter is displeyd in view port </title>
            <labels>
                <label name='language' value='javascript'/>
                <label name='framework' value='wdio'/>
                <label name='thread' value='0-0'/>
            </labels>
            <parameters>
                <parameter kind='argument' name='browser' value='chrome'/>
            </parameters>
            <steps/>
            <attachments/>
        </test-case>
    </test-cases>
</ns2:test-suite>